<?xml version="1.0" encoding="UTF-8"?>
<testsuite name="fr.ladybug.team.TesterTest" tests="12" skipped="0" failures="0" errors="0" timestamp="2019-06-10T09:14:23" hostname="Liberty" time="0.068">
  <properties/>
  <testcase name="testNoNullaryConstructor()" classname="fr.ladybug.team.TesterTest" time="0.012"/>
  <testcase name="testInvalidAfterSignature()" classname="fr.ladybug.team.TesterTest" time="0.004"/>
  <testcase name="testInvalidAfterClassSignature()" classname="fr.ladybug.team.TesterTest" time="0.004"/>
  <testcase name="testComplexTest()" classname="fr.ladybug.team.TesterTest" time="0.014"/>
  <testcase name="testInvalidTestSignature()" classname="fr.ladybug.team.TesterTest" time="0.002"/>
  <testcase name="testExceptiveInstance()" classname="fr.ladybug.team.TesterTest" time="0.002"/>
  <testcase name="testBeforeAfterDoesNotThrowIfNoTests()" classname="fr.ladybug.team.TesterTest" time="0.002"/>
  <testcase name="testSingleTestSuccess()" classname="fr.ladybug.team.TesterTest" time="0.006"/>
  <testcase name="testNoTests()" classname="fr.ladybug.team.TesterTest" time="0.003"/>
  <testcase name="testNoPublicTests()" classname="fr.ladybug.team.TesterTest" time="0.001"/>
  <testcase name="testInvalidBeforeClassSignature()" classname="fr.ladybug.team.TesterTest" time="0.002"/>
  <testcase name="testInvalidBeforeSignature()" classname="fr.ladybug.team.TesterTest" time="0.002"/>
  <system-out><![CDATA[]]></system-out>
  <system-err><![CDATA[]]></system-err>
</testsuite>
